2020-04-12 20:35:32,301 INFO  [org.jboss.modules] (main) JBoss Modules version 1.10.0.Final
2020-04-12 20:35:32,921 INFO  [org.jboss.msc] (main) JBoss MSC version 1.4.11.Final
2020-04-12 20:35:32,931 INFO  [org.jboss.threads] (main) JBoss Threads version 2.3.3.Final
2020-04-12 20:35:33,044 INFO  [org.jboss.as] (MSC service thread 1-2) WFLYSRV0049: WildFly Full 19.0.0.Final (WildFly Core 11.0.0.Final) starting
2020-04-12 20:35:33,046 DEBUG [org.jboss.as.config] (MSC service thread 1-2) Configured system properties:
	[Standalone] = 
	awt.toolkit = sun.awt.windows.WToolkit
	file.encoding = Cp1252
	file.encoding.pkg = sun.io
	file.separator = \
	java.awt.graphicsenv = sun.awt.Win32GraphicsEnvironment
	java.awt.printerjob = sun.awt.windows.WPrinterJob
	java.class.path = D:\School\Second Year Computer Programmer\Semester 4\Distributed Computing\FinalProjectStudent-master\target\wildfly-19.0.0.Final\jboss-modules.jar
	java.class.version = 52.0
	java.endorsed.dirs = C:\Program Files\Java\jdk1.8.0_241\jre\lib\endorsed
	java.ext.dirs = C:\Program Files\Java\jdk1.8.0_241\jre\lib\ext;C:\WINDOWS\Sun\Java\lib\ext
	java.home = C:\Program Files\Java\jdk1.8.0_241\jre
	java.io.tmpdir = C:\Users\David\AppData\Local\Temp\
	java.library.path = C:\Program Files\Java\jdk1.8.0_241\jre\bin;C:\WINDOWS\Sun\Java\bin;C:\WINDOWS\system32;C:\WINDOWS;C:\Program Files (x86)\Common Files\Intel\Shared Libraries\redist\intel64\compiler;C:\Program Files (x86)\NVIDIA Corporation\PhysX\Common;C:\WINDOWS\system32;C:\WINDOWS;C:\WINDOWS\System32\Wbem;C:\WINDOWS\System32\WindowsPowerShell\v1.0\;C:\WINDOWS\System32\OpenSSH\;C:\Program Files\NVIDIA Corporation\NVIDIA NvDLISR;C:\WINDOWS\system32;C:\WINDOWS;C:\WINDOWS\System32\Wbem;C:\WINDOWS\System32\WindowsPowerShell\v1.0\;C:\WINDOWS\System32\OpenSSH\;C:\Program Files (x86)\Brackets\command;C:\Program Files\Java\jdk1.8.0_241\bin;C:\Users\David\Downloads\apache-maven-3.6.3\bin;C:\Program Files\Git\cmd;C:\Users\David\AppData\Local\Microsoft\WindowsApps;;.
	java.runtime.name = Java(TM) SE Runtime Environment
	java.runtime.version = 1.8.0_241-b07
	java.specification.name = Java Platform API Specification
	java.specification.vendor = Oracle Corporation
	java.specification.version = 1.8
	java.util.logging.manager = org.jboss.logmanager.LogManager
	java.vendor = Oracle Corporation
	java.vendor.url = http://java.oracle.com/
	java.vendor.url.bug = http://bugreport.sun.com/bugreport/
	java.version = 1.8.0_241
	java.vm.info = mixed mode
	java.vm.name = Java HotSpot(TM) 64-Bit Server VM
	java.vm.specification.name = Java Virtual Machine Specification
	java.vm.specification.vendor = Oracle Corporation
	java.vm.specification.version = 1.8
	java.vm.vendor = Oracle Corporation
	java.vm.version = 25.241-b07
	javax.management.builder.initial = org.jboss.as.jmx.PluggableMBeanServerBuilder
	jboss.home.dir = D:\School\Second Year Computer Programmer\Semester 4\Distributed Computing\FinalProjectStudent-master\target\wildfly-19.0.0.Final
	jboss.host.name = desktop-pfhi0lo
	jboss.modules.dir = D:\School\Second Year Computer Programmer\Semester 4\Distributed Computing\FinalProjectStudent-master\target\wildfly-19.0.0.Final\modules
	jboss.node.name = desktop-pfhi0lo
	jboss.qualified.host.name = desktop-pfhi0lo
	jboss.server.base.dir = D:\School\Second Year Computer Programmer\Semester 4\Distributed Computing\FinalProjectStudent-master\target\wildfly-19.0.0.Final\standalone
	jboss.server.config.dir = D:\School\Second Year Computer Programmer\Semester 4\Distributed Computing\FinalProjectStudent-master\target\wildfly-19.0.0.Final\standalone\configuration
	jboss.server.data.dir = D:\School\Second Year Computer Programmer\Semester 4\Distributed Computing\FinalProjectStudent-master\target\wildfly-19.0.0.Final\standalone\data
	jboss.server.deploy.dir = D:\School\Second Year Computer Programmer\Semester 4\Distributed Computing\FinalProjectStudent-master\target\wildfly-19.0.0.Final\standalone\data\content
	jboss.server.log.dir = D:\School\Second Year Computer Programmer\Semester 4\Distributed Computing\FinalProjectStudent-master\target\wildfly-19.0.0.Final\standalone\log
	jboss.server.name = desktop-pfhi0lo
	jboss.server.persist.config = true
	jboss.server.temp.dir = D:\School\Second Year Computer Programmer\Semester 4\Distributed Computing\FinalProjectStudent-master\target\wildfly-19.0.0.Final\standalone\tmp
	line.separator = 

	logging.configuration = file:D:\School\Second Year Computer Programmer\Semester 4\Distributed Computing\FinalProjectStudent-master\target\wildfly-19.0.0.Final\standalone\configuration\logging.properties
	module.path = D:\School\Second Year Computer Programmer\Semester 4\Distributed Computing\FinalProjectStudent-master\target\wildfly-19.0.0.Final\modules
	org.jboss.boot.log.file = D:\School\Second Year Computer Programmer\Semester 4\Distributed Computing\FinalProjectStudent-master\target\wildfly-19.0.0.Final\standalone\log\server.log
	org.jboss.resolver.warning = true
	os.arch = amd64
	os.name = Windows 10
	os.version = 10.0
	path.separator = ;
	sun.arch.data.model = 64
	sun.boot.class.path = C:\Program Files\Java\jdk1.8.0_241\jre\lib\resources.jar;C:\Program Files\Java\jdk1.8.0_241\jre\lib\rt.jar;C:\Program Files\Java\jdk1.8.0_241\jre\lib\sunrsasign.jar;C:\Program Files\Java\jdk1.8.0_241\jre\lib\jsse.jar;C:\Program Files\Java\jdk1.8.0_241\jre\lib\jce.jar;C:\Program Files\Java\jdk1.8.0_241\jre\lib\charsets.jar;C:\Program Files\Java\jdk1.8.0_241\jre\lib\jfr.jar;C:\Program Files\Java\jdk1.8.0_241\jre\classes
	sun.boot.library.path = C:\Program Files\Java\jdk1.8.0_241\jre\bin
	sun.cpu.endian = little
	sun.cpu.isalist = amd64
	sun.desktop = windows
	sun.io.unicode.encoding = UnicodeLittle
	sun.java.command = D:\School\Second Year Computer Programmer\Semester 4\Distributed Computing\FinalProjectStudent-master\target\wildfly-19.0.0.Final\jboss-modules.jar -mp D:\School\Second Year Computer Programmer\Semester 4\Distributed Computing\FinalProjectStudent-master\target\wildfly-19.0.0.Final\modules org.jboss.as.standalone -Djboss.home.dir=D:\School\Second Year Computer Programmer\Semester 4\Distributed Computing\FinalProjectStudent-master\target\wildfly-19.0.0.Final -Djboss.server.base.dir=D:\School\Second Year Computer Programmer\Semester 4\Distributed Computing\FinalProjectStudent-master\target\wildfly-19.0.0.Final\standalone -Djboss.server.log.dir=D:\School\Second Year Computer Programmer\Semester 4\Distributed Computing\FinalProjectStudent-master\target\wildfly-19.0.0.Final\standalone\log -Djboss.server.config.dir=D:\School\Second Year Computer Programmer\Semester 4\Distributed Computing\FinalProjectStudent-master\target\wildfly-19.0.0.Final\standalone\configuration
	sun.java.launcher = SUN_STANDARD
	sun.jnu.encoding = Cp1252
	sun.management.compiler = HotSpot 64-Bit Tiered Compilers
	sun.os.patch.level = 
	sun.stderr.encoding = cp437
	sun.stdout.encoding = cp437
	user.country = CA
	user.dir = D:\School\Second Year Computer Programmer\Semester 4\Distributed Computing\FinalProjectStudent-master
	user.home = C:\Users\David
	user.language = en
	user.name = David
	user.script = 
	user.timezone = America/New_York
	user.variant = 
2020-04-12 20:35:33,047 DEBUG [org.jboss.as.config] (MSC service thread 1-2) VM Arguments: -D[Standalone] -agentlib:jdwp=transport=dt_socket,address=8787,server=y,suspend=n -Dorg.jboss.boot.log.file=D:\School\Second Year Computer Programmer\Semester 4\Distributed Computing\FinalProjectStudent-master\target\wildfly-19.0.0.Final\standalone\log\server.log -Dlogging.configuration=file:D:\School\Second Year Computer Programmer\Semester 4\Distributed Computing\FinalProjectStudent-master\target\wildfly-19.0.0.Final\standalone\configuration\logging.properties 
2020-04-12 20:35:33,710 INFO  [org.wildfly.security] (ServerService Thread Pool -- 28) ELY00001: WildFly Elytron version 1.11.2.Final
2020-04-12 20:35:34,321 INFO  [org.jboss.as.controller.management-deprecated] (Controller Boot Thread) WFLYCTL0028: Attribute 'security-realm' in the resource at address '/core-service=management/management-interface=http-interface' is deprecated, and may be removed in a future version. See the attribute description in the output of the read-resource-description operation to learn more about the deprecation.
2020-04-12 20:35:34,346 INFO  [org.jboss.as.controller.management-deprecated] (ServerService Thread Pool -- 25) WFLYCTL0028: Attribute 'security-realm' in the resource at address '/subsystem=undertow/server=default-server/https-listener=https' is deprecated, and may be removed in a future version. See the attribute description in the output of the read-resource-description operation to learn more about the deprecation.
2020-04-12 20:35:34,436 INFO  [org.jboss.as.server] (Controller Boot Thread) WFLYSRV0039: Creating http management service using socket-binding (management-http)
2020-04-12 20:35:34,459 INFO  [org.xnio] (MSC service thread 1-5) XNIO version 3.7.7.Final
2020-04-12 20:35:34,469 INFO  [org.xnio.nio] (MSC service thread 1-5) XNIO NIO Implementation Version 3.7.7.Final
2020-04-12 20:35:34,513 INFO  [org.jboss.as.jsf] (ServerService Thread Pool -- 59) WFLYJSF0007: Activated the following JSF Implementations: [main]
2020-04-12 20:35:34,527 INFO  [org.wildfly.extension.microprofile.jwt.smallrye._private] (ServerService Thread Pool -- 63) WFLYJWT0001: Activating WildFly MicroProfile JWT Subsystem
2020-04-12 20:35:34,540 INFO  [org.jboss.as.clustering.infinispan] (ServerService Thread Pool -- 52) WFLYCLINF0001: Activating Infinispan subsystem.
2020-04-12 20:35:34,543 WARN  [org.jboss.as.txn] (ServerService Thread Pool -- 74) WFLYTX0013: The node-identifier attribute on the /subsystem=transactions is set to the default value. This is a danger for environments running multiple servers. Please make sure the attribute value is unique.
2020-04-12 20:35:34,543 INFO  [org.wildfly.extension.microprofile.health.smallrye] (ServerService Thread Pool -- 62) WFLYHEALTH0001: Activating Eclipse MicroProfile Health Subsystem
2020-04-12 20:35:34,546 INFO  [org.jboss.as.connector] (MSC service thread 1-6) WFLYJCA0009: Starting JCA Subsystem (WildFly/IronJacamar 1.4.20.Final)
2020-04-12 20:35:34,545 INFO  [org.wildfly.extension.microprofile.opentracing] (ServerService Thread Pool -- 65) WFLYTRACEXT0001: Activating MicroProfile OpenTracing Subsystem
2020-04-12 20:35:34,567 INFO  [org.jboss.as.naming] (ServerService Thread Pool -- 66) WFLYNAM0001: Activating Naming Subsystem
2020-04-12 20:35:34,573 INFO  [org.wildfly.extension.io] (ServerService Thread Pool -- 53) WFLYIO001: Worker 'default' has auto-configured to 16 IO threads with 128 max task threads based on your 8 available processors
2020-04-12 20:35:34,582 INFO  [org.wildfly.extension.microprofile.config.smallrye._private] (ServerService Thread Pool -- 61) WFLYCONF0001: Activating WildFly MicroProfile Config Subsystem
2020-04-12 20:35:34,588 INFO  [org.jboss.as.security] (ServerService Thread Pool -- 72) WFLYSEC0002: Activating Security Subsystem
2020-04-12 20:35:34,614 INFO  [org.jboss.as.webservices] (ServerService Thread Pool -- 76) WFLYWS0002: Activating WebServices Extension
2020-04-12 20:35:34,614 INFO  [org.jboss.as.security] (MSC service thread 1-4) WFLYSEC0001: Current PicketBox version=5.0.3.Final
2020-04-12 20:35:34,617 INFO  [org.jboss.as.jaxrs] (ServerService Thread Pool -- 54) WFLYRS0016: RESTEasy version 3.11.0.Final
2020-04-12 20:35:34,619 INFO  [org.wildfly.extension.microprofile.metrics.smallrye] (ServerService Thread Pool -- 64) WFLYMETRICS0001: Activating Eclipse MicroProfile Metrics Subsystem
2020-04-12 20:35:34,631 INFO  [org.jboss.as.connector.subsystems.datasources] (ServerService Thread Pool -- 44) WFLYJCA0004: Deploying JDBC-compliant driver class org.h2.Driver (version 1.4)
2020-04-12 20:35:34,638 INFO  [org.wildfly.extension.undertow] (MSC service thread 1-3) WFLYUT0003: Undertow 2.0.30.Final starting
2020-04-12 20:35:34,689 INFO  [org.jboss.as.connector.deployers.jdbc] (MSC service thread 1-4) WFLYJCA0018: Started Driver service with driver-name = h2
2020-04-12 20:35:34,689 INFO  [org.jboss.as.naming] (MSC service thread 1-3) WFLYNAM0003: Starting Naming Service
2020-04-12 20:35:34,718 INFO  [org.jboss.as.mail.extension] (MSC service thread 1-8) WFLYMAIL0001: Bound mail session [java:jboss/mail/Default]
2020-04-12 20:35:34,744 INFO  [org.jboss.remoting] (MSC service thread 1-5) JBoss Remoting version 5.0.17.Final
2020-04-12 20:35:34,766 INFO  [org.wildfly.extension.undertow] (ServerService Thread Pool -- 75) WFLYUT0014: Creating file handler for path 'D:\School\Second Year Computer Programmer\Semester 4\Distributed Computing\FinalProjectStudent-master\target\wildfly-19.0.0.Final/welcome-content' with options [directory-listing: 'false', follow-symlink: 'false', case-sensitive: 'true', safe-symlink-paths: '[]']
2020-04-12 20:35:34,813 INFO  [org.jboss.as.ejb3] (MSC service thread 1-2) WFLYEJB0482: Strict pool mdb-strict-max-pool is using a max instance size of 32 (per class), which is derived from the number of CPUs on this host.
2020-04-12 20:35:34,814 INFO  [org.jboss.as.ejb3] (MSC service thread 1-6) WFLYEJB0481: Strict pool slsb-strict-max-pool is using a max instance size of 128 (per class), which is derived from thread worker pool sizing.
2020-04-12 20:35:34,822 INFO  [org.wildfly.extension.undertow] (MSC service thread 1-3) WFLYUT0012: Started server default-server.
2020-04-12 20:35:34,824 INFO  [org.wildfly.extension.undertow] (MSC service thread 1-6) WFLYUT0018: Host default-host starting
2020-04-12 20:35:34,945 INFO  [org.wildfly.extension.undertow] (MSC service thread 1-3) WFLYUT0006: Undertow HTTP listener default listening on 127.0.0.1:8080
2020-04-12 20:35:35,117 INFO  [org.jboss.as.ejb3] (MSC service thread 1-7) WFLYEJB0493: EJB subsystem suspension complete
2020-04-12 20:35:35,172 INFO  [org.jboss.as.connector.subsystems.datasources] (MSC service thread 1-2) WFLYJCA0001: Bound data source [java:jboss/datasources/ExampleDS]
2020-04-12 20:35:35,308 INFO  [org.jboss.as.patching] (MSC service thread 1-2) WFLYPAT0050: WildFly Full cumulative patch ID is: base, one-off patches include: none
2020-04-12 20:35:35,322 WARN  [org.jboss.as.domain.management.security] (MSC service thread 1-1) WFLYDM0111: Keystore D:\School\Second Year Computer Programmer\Semester 4\Distributed Computing\FinalProjectStudent-master\target\wildfly-19.0.0.Final\standalone\configuration\application.keystore not found, it will be auto generated on first use with a self signed certificate for host localhost
2020-04-12 20:35:35,330 INFO  [org.jboss.as.server.deployment.scanner] (MSC service thread 1-1) WFLYDS0013: Started FileSystemDeploymentService for directory D:\School\Second Year Computer Programmer\Semester 4\Distributed Computing\FinalProjectStudent-master\target\wildfly-19.0.0.Final\standalone\deployments
2020-04-12 20:35:35,500 INFO  [org.wildfly.extension.undertow] (MSC service thread 1-3) WFLYUT0006: Undertow HTTPS listener https listening on 127.0.0.1:8443
2020-04-12 20:35:35,563 INFO  [org.jboss.ws.common.management] (MSC service thread 1-6) JBWS022052: Starting JBossWS 5.4.1.Final (Apache CXF 3.3.5) 
2020-04-12 20:35:35,658 INFO  [org.jboss.as.server] (Controller Boot Thread) WFLYSRV0212: Resuming server
2020-04-12 20:35:35,660 INFO  [org.jboss.as] (Controller Boot Thread) WFLYSRV0060: Http management interface listening on http://127.0.0.1:9990/management
2020-04-12 20:35:35,661 INFO  [org.jboss.as] (Controller Boot Thread) WFLYSRV0051: Admin console listening on http://127.0.0.1:9990
2020-04-12 20:35:35,661 INFO  [org.jboss.as] (Controller Boot Thread) WFLYSRV0025: WildFly Full 19.0.0.Final (WildFly Core 11.0.0.Final) started in 4329ms - Started 316 of 582 services (374 services are lazy, passive or on-demand)
2020-04-12 20:35:36,435 INFO  [org.jboss.as.repository] (management-handler-thread - 1) WFLYDR0001: Content added at location D:\School\Second Year Computer Programmer\Semester 4\Distributed Computing\FinalProjectStudent-master\target\wildfly-19.0.0.Final\standalone\data\content\c0\e7a6a644a5e071dd6a12455f7cc26e941f97b9\content
2020-04-12 20:35:36,455 INFO  [org.jboss.as.server.deployment] (MSC service thread 1-6) WFLYSRV0027: Starting deployment of "student-app.war" (runtime-name: "student-app.war")
2020-04-12 20:35:38,904 WARN  [org.jboss.as.server.deployment] (MSC service thread 1-2) WFLYSRV0059: Class Path entry groovy-2.1.6.jar in /D:/School/Second Year Computer Programmer/Semester 4/Distributed Computing/FinalProjectStudent-master/content/student-app.war/WEB-INF/lib/aesh-extensions-1.6.jar  does not point to a valid jar for a Class-Path reference.
2020-04-12 20:35:38,905 WARN  [org.jboss.as.server.deployment] (MSC service thread 1-2) WFLYSRV0059: Class Path entry antlr-2.7.7.jar in /D:/School/Second Year Computer Programmer/Semester 4/Distributed Computing/FinalProjectStudent-master/content/student-app.war/WEB-INF/lib/aesh-extensions-1.6.jar  does not point to a valid jar for a Class-Path reference.
2020-04-12 20:35:38,906 WARN  [org.jboss.as.server.deployment] (MSC service thread 1-2) WFLYSRV0059: Class Path entry asm-tree-4.0.jar in /D:/School/Second Year Computer Programmer/Semester 4/Distributed Computing/FinalProjectStudent-master/content/student-app.war/WEB-INF/lib/aesh-extensions-1.6.jar  does not point to a valid jar for a Class-Path reference.
2020-04-12 20:35:38,906 WARN  [org.jboss.as.server.deployment] (MSC service thread 1-2) WFLYSRV0059: Class Path entry asm-commons-4.0.jar in /D:/School/Second Year Computer Programmer/Semester 4/Distributed Computing/FinalProjectStudent-master/content/student-app.war/WEB-INF/lib/aesh-extensions-1.6.jar  does not point to a valid jar for a Class-Path reference.
2020-04-12 20:35:38,907 WARN  [org.jboss.as.server.deployment] (MSC service thread 1-2) WFLYSRV0059: Class Path entry asm-4.0.jar in /D:/School/Second Year Computer Programmer/Semester 4/Distributed Computing/FinalProjectStudent-master/content/student-app.war/WEB-INF/lib/aesh-extensions-1.6.jar  does not point to a valid jar for a Class-Path reference.
2020-04-12 20:35:38,907 WARN  [org.jboss.as.server.deployment] (MSC service thread 1-2) WFLYSRV0059: Class Path entry asm-util-4.0.jar in /D:/School/Second Year Computer Programmer/Semester 4/Distributed Computing/FinalProjectStudent-master/content/student-app.war/WEB-INF/lib/aesh-extensions-1.6.jar  does not point to a valid jar for a Class-Path reference.
2020-04-12 20:35:38,908 WARN  [org.jboss.as.server.deployment] (MSC service thread 1-2) WFLYSRV0059: Class Path entry asm-analysis-4.0.jar in /D:/School/Second Year Computer Programmer/Semester 4/Distributed Computing/FinalProjectStudent-master/content/student-app.war/WEB-INF/lib/aesh-extensions-1.6.jar  does not point to a valid jar for a Class-Path reference.
2020-04-12 20:35:38,908 WARN  [org.jboss.as.server.deployment] (MSC service thread 1-2) WFLYSRV0059: Class Path entry aesh-terminal-api-1.10.jar in /D:/School/Second Year Computer Programmer/Semester 4/Distributed Computing/FinalProjectStudent-master/content/student-app.war/WEB-INF/lib/aesh-readline-1.10.jar  does not point to a valid jar for a Class-Path reference.
2020-04-12 20:35:39,347 INFO  [org.jboss.as.jpa] (MSC service thread 1-4) WFLYJPA0002: Read persistence.xml for studentPersistenceUnit
2020-04-12 20:35:39,622 INFO  [org.jboss.as.jpa] (ServerService Thread Pool -- 78) WFLYJPA0003: Starting Persistence Unit Service 'student-app.war#studentPersistenceUnit'
2020-04-12 20:35:40,156 INFO  [org.jboss.weld.deployer] (MSC service thread 1-1) WFLYWELD0003: Processing weld deployment student-app.war
2020-04-12 20:35:40,304 INFO  [org.hibernate.validator.internal.util.Version] (MSC service thread 1-1) HV000001: Hibernate Validator 6.0.18.Final
2020-04-12 20:35:40,427 INFO  [org.jboss.as.ejb3.deployment] (MSC service thread 1-1) WFLYEJB0473: JNDI bindings for session bean named 'StudentService' in deployment unit 'deployment "student-app.war"' are as follows:

	java:global/student-app/StudentService!service.StudentService
	java:app/student-app/StudentService!service.StudentService
	java:module/StudentService!service.StudentService
	ejb:/student-app/StudentService!service.StudentService
	java:global/student-app/StudentService
	java:app/student-app/StudentService
	java:module/StudentService

2020-04-12 20:35:40,717 INFO  [io.jaegertracing.internal.JaegerTracer] (MSC service thread 1-1) No shutdown hook registered: Please call close() manually on application shutdown.
2020-04-12 20:35:40,765 INFO  [org.infinispan.factories.GlobalComponentRegistry] (MSC service thread 1-8) ISPN000128: Infinispan version: Infinispan 'Infinity Minus ONE +2' 9.4.18.Final
2020-04-12 20:35:41,183 INFO  [org.jboss.as.connector.deployers.jdbc] (MSC service thread 1-1) WFLYJCA0004: Deploying JDBC-compliant driver class org.h2.Driver (version 1.4)
2020-04-12 20:35:41,202 INFO  [org.jboss.weld.Version] (MSC service thread 1-1) WELD-000900: 3.1.3 (Final)
2020-04-12 20:35:41,260 INFO  [org.jboss.as.clustering.infinispan] (ServerService Thread Pool -- 78) WFLYCLINF0002: Started client-mappings cache from ejb container
2020-04-12 20:35:41,263 INFO  [org.jboss.as.connector.deployers.jdbc] (MSC service thread 1-5) WFLYJCA0018: Started Driver service with driver-name = student-app.war_org.h2.Driver_1_4
2020-04-12 20:35:41,564 WARN  [org.jboss.weld.Bootstrap] (MSC service thread 1-4) WELD-000146: BeforeBeanDiscovery.addAnnotatedType(AnnotatedType<?>) used for class com.sun.faces.flow.FlowDiscoveryCDIHelper is deprecated from CDI 1.1!
2020-04-12 20:35:41,567 INFO  [io.smallrye.metrics] (MSC service thread 1-4) MicroProfile: Metrics activated (SmallRye Metrics version: 2.4.0)
2020-04-12 20:35:42,209 INFO  [javax.enterprise.resource.webcontainer.jsf.config] (ServerService Thread Pool -- 78) Initializing Mojarra 2.3.9.SP06 for context '/student-app'
2020-04-12 20:35:43,650 INFO  [org.primefaces.webapp.PostConstructApplicationEventListener] (ServerService Thread Pool -- 78) Running on PrimeFaces 8.0
2020-04-12 20:35:43,668 INFO  [org.wildfly.extension.undertow] (ServerService Thread Pool -- 78) WFLYUT0021: Registered web context: '/student-app' for server 'default-server'
2020-04-12 20:35:43,940 INFO  [org.jboss.as.server] (management-handler-thread - 1) WFLYSRV0010: Deployed "student-app.war" (runtime-name : "student-app.war")
2020-04-12 20:36:32,784 INFO  [org.jboss.modules] (main) JBoss Modules version 1.10.0.Final
2020-04-12 20:36:33,081 INFO  [org.jboss.msc] (main) JBoss MSC version 1.4.11.Final
2020-04-12 20:36:33,089 INFO  [org.jboss.threads] (main) JBoss Threads version 2.3.3.Final
2020-04-12 20:36:33,190 INFO  [org.jboss.as] (MSC service thread 1-2) WFLYSRV0049: WildFly Full 19.0.0.Final (WildFly Core 11.0.0.Final) starting
2020-04-12 20:36:33,191 DEBUG [org.jboss.as.config] (MSC service thread 1-2) Configured system properties:
	[Standalone] = 
	awt.toolkit = sun.awt.windows.WToolkit
	file.encoding = Cp1252
	file.encoding.pkg = sun.io
	file.separator = \
	java.awt.graphicsenv = sun.awt.Win32GraphicsEnvironment
	java.awt.printerjob = sun.awt.windows.WPrinterJob
	java.class.path = D:\School\Second Year Computer Programmer\Semester 4\Distributed Computing\FinalProjectStudent-master\target\wildfly-19.0.0.Final\jboss-modules.jar
	java.class.version = 52.0
	java.endorsed.dirs = C:\Program Files\Java\jdk1.8.0_241\jre\lib\endorsed
	java.ext.dirs = C:\Program Files\Java\jdk1.8.0_241\jre\lib\ext;C:\WINDOWS\Sun\Java\lib\ext
	java.home = C:\Program Files\Java\jdk1.8.0_241\jre
	java.io.tmpdir = C:\Users\David\AppData\Local\Temp\
	java.library.path = C:\Program Files\Java\jdk1.8.0_241\jre\bin;C:\WINDOWS\Sun\Java\bin;C:\WINDOWS\system32;C:\WINDOWS;C:\Program Files (x86)\Common Files\Intel\Shared Libraries\redist\intel64\compiler;C:\Program Files (x86)\NVIDIA Corporation\PhysX\Common;C:\WINDOWS\system32;C:\WINDOWS;C:\WINDOWS\System32\Wbem;C:\WINDOWS\System32\WindowsPowerShell\v1.0\;C:\WINDOWS\System32\OpenSSH\;C:\Program Files\NVIDIA Corporation\NVIDIA NvDLISR;C:\WINDOWS\system32;C:\WINDOWS;C:\WINDOWS\System32\Wbem;C:\WINDOWS\System32\WindowsPowerShell\v1.0\;C:\WINDOWS\System32\OpenSSH\;C:\Program Files (x86)\Brackets\command;C:\Program Files\Java\jdk1.8.0_241\bin;C:\Users\David\Downloads\apache-maven-3.6.3\bin;C:\Program Files\Git\cmd;C:\Users\David\AppData\Local\Microsoft\WindowsApps;;.
	java.runtime.name = Java(TM) SE Runtime Environment
	java.runtime.version = 1.8.0_241-b07
	java.specification.name = Java Platform API Specification
	java.specification.vendor = Oracle Corporation
	java.specification.version = 1.8
	java.util.logging.manager = org.jboss.logmanager.LogManager
	java.vendor = Oracle Corporation
	java.vendor.url = http://java.oracle.com/
	java.vendor.url.bug = http://bugreport.sun.com/bugreport/
	java.version = 1.8.0_241
	java.vm.info = mixed mode
	java.vm.name = Java HotSpot(TM) 64-Bit Server VM
	java.vm.specification.name = Java Virtual Machine Specification
	java.vm.specification.vendor = Oracle Corporation
	java.vm.specification.version = 1.8
	java.vm.vendor = Oracle Corporation
	java.vm.version = 25.241-b07
	javax.management.builder.initial = org.jboss.as.jmx.PluggableMBeanServerBuilder
	jboss.home.dir = D:\School\Second Year Computer Programmer\Semester 4\Distributed Computing\FinalProjectStudent-master\target\wildfly-19.0.0.Final
	jboss.host.name = desktop-pfhi0lo
	jboss.modules.dir = D:\School\Second Year Computer Programmer\Semester 4\Distributed Computing\FinalProjectStudent-master\target\wildfly-19.0.0.Final\modules
	jboss.node.name = desktop-pfhi0lo
	jboss.qualified.host.name = desktop-pfhi0lo
	jboss.server.base.dir = D:\School\Second Year Computer Programmer\Semester 4\Distributed Computing\FinalProjectStudent-master\target\wildfly-19.0.0.Final\standalone
	jboss.server.config.dir = D:\School\Second Year Computer Programmer\Semester 4\Distributed Computing\FinalProjectStudent-master\target\wildfly-19.0.0.Final\standalone\configuration
	jboss.server.data.dir = D:\School\Second Year Computer Programmer\Semester 4\Distributed Computing\FinalProjectStudent-master\target\wildfly-19.0.0.Final\standalone\data
	jboss.server.deploy.dir = D:\School\Second Year Computer Programmer\Semester 4\Distributed Computing\FinalProjectStudent-master\target\wildfly-19.0.0.Final\standalone\data\content
	jboss.server.log.dir = D:\School\Second Year Computer Programmer\Semester 4\Distributed Computing\FinalProjectStudent-master\target\wildfly-19.0.0.Final\standalone\log
	jboss.server.name = desktop-pfhi0lo
	jboss.server.persist.config = true
	jboss.server.temp.dir = D:\School\Second Year Computer Programmer\Semester 4\Distributed Computing\FinalProjectStudent-master\target\wildfly-19.0.0.Final\standalone\tmp
	line.separator = 

	logging.configuration = file:D:\School\Second Year Computer Programmer\Semester 4\Distributed Computing\FinalProjectStudent-master\target\wildfly-19.0.0.Final\standalone\configuration\logging.properties
	module.path = D:\School\Second Year Computer Programmer\Semester 4\Distributed Computing\FinalProjectStudent-master\target\wildfly-19.0.0.Final\modules
	org.jboss.boot.log.file = D:\School\Second Year Computer Programmer\Semester 4\Distributed Computing\FinalProjectStudent-master\target\wildfly-19.0.0.Final\standalone\log\server.log
	org.jboss.resolver.warning = true
	os.arch = amd64
	os.name = Windows 10
	os.version = 10.0
	path.separator = ;
	sun.arch.data.model = 64
	sun.boot.class.path = C:\Program Files\Java\jdk1.8.0_241\jre\lib\resources.jar;C:\Program Files\Java\jdk1.8.0_241\jre\lib\rt.jar;C:\Program Files\Java\jdk1.8.0_241\jre\lib\sunrsasign.jar;C:\Program Files\Java\jdk1.8.0_241\jre\lib\jsse.jar;C:\Program Files\Java\jdk1.8.0_241\jre\lib\jce.jar;C:\Program Files\Java\jdk1.8.0_241\jre\lib\charsets.jar;C:\Program Files\Java\jdk1.8.0_241\jre\lib\jfr.jar;C:\Program Files\Java\jdk1.8.0_241\jre\classes
	sun.boot.library.path = C:\Program Files\Java\jdk1.8.0_241\jre\bin
	sun.cpu.endian = little
	sun.cpu.isalist = amd64
	sun.desktop = windows
	sun.io.unicode.encoding = UnicodeLittle
	sun.java.command = D:\School\Second Year Computer Programmer\Semester 4\Distributed Computing\FinalProjectStudent-master\target\wildfly-19.0.0.Final\jboss-modules.jar -mp D:\School\Second Year Computer Programmer\Semester 4\Distributed Computing\FinalProjectStudent-master\target\wildfly-19.0.0.Final\modules org.jboss.as.standalone -Djboss.home.dir=D:\School\Second Year Computer Programmer\Semester 4\Distributed Computing\FinalProjectStudent-master\target\wildfly-19.0.0.Final -Djboss.server.base.dir=D:\School\Second Year Computer Programmer\Semester 4\Distributed Computing\FinalProjectStudent-master\target\wildfly-19.0.0.Final\standalone -Djboss.server.log.dir=D:\School\Second Year Computer Programmer\Semester 4\Distributed Computing\FinalProjectStudent-master\target\wildfly-19.0.0.Final\standalone\log -Djboss.server.config.dir=D:\School\Second Year Computer Programmer\Semester 4\Distributed Computing\FinalProjectStudent-master\target\wildfly-19.0.0.Final\standalone\configuration
	sun.java.launcher = SUN_STANDARD
	sun.jnu.encoding = Cp1252
	sun.management.compiler = HotSpot 64-Bit Tiered Compilers
	sun.os.patch.level = 
	sun.stderr.encoding = cp437
	sun.stdout.encoding = cp437
	user.country = CA
	user.dir = D:\School\Second Year Computer Programmer\Semester 4\Distributed Computing\FinalProjectStudent-master
	user.home = C:\Users\David
	user.language = en
	user.name = David
	user.script = 
	user.timezone = America/New_York
	user.variant = 
2020-04-12 20:36:33,192 DEBUG [org.jboss.as.config] (MSC service thread 1-2) VM Arguments: -D[Standalone] -agentlib:jdwp=transport=dt_socket,address=8787,server=y,suspend=n -Dorg.jboss.boot.log.file=D:\School\Second Year Computer Programmer\Semester 4\Distributed Computing\FinalProjectStudent-master\target\wildfly-19.0.0.Final\standalone\log\server.log -Dlogging.configuration=file:D:\School\Second Year Computer Programmer\Semester 4\Distributed Computing\FinalProjectStudent-master\target\wildfly-19.0.0.Final\standalone\configuration\logging.properties 
2020-04-12 20:36:33,790 INFO  [org.wildfly.security] (ServerService Thread Pool -- 27) ELY00001: WildFly Elytron version 1.11.2.Final
2020-04-12 20:36:34,196 INFO  [org.jboss.as.controller.management-deprecated] (Controller Boot Thread) WFLYCTL0028: Attribute 'security-realm' in the resource at address '/core-service=management/management-interface=http-interface' is deprecated, and may be removed in a future version. See the attribute description in the output of the read-resource-description operation to learn more about the deprecation.
2020-04-12 20:36:34,210 INFO  [org.jboss.as.controller.management-deprecated] (ServerService Thread Pool -- 14) WFLYCTL0028: Attribute 'security-realm' in the resource at address '/subsystem=undertow/server=default-server/https-listener=https' is deprecated, and may be removed in a future version. See the attribute description in the output of the read-resource-description operation to learn more about the deprecation.
2020-04-12 20:36:34,269 INFO  [org.jboss.as.server] (Controller Boot Thread) WFLYSRV0039: Creating http management service using socket-binding (management-http)
2020-04-12 20:36:34,285 INFO  [org.xnio] (MSC service thread 1-4) XNIO version 3.7.7.Final
2020-04-12 20:36:34,291 INFO  [org.xnio.nio] (MSC service thread 1-4) XNIO NIO Implementation Version 3.7.7.Final
2020-04-12 20:36:34,313 INFO  [org.jboss.as.clustering.infinispan] (ServerService Thread Pool -- 52) WFLYCLINF0001: Activating Infinispan subsystem.
2020-04-12 20:36:34,315 INFO  [org.wildfly.extension.microprofile.config.smallrye._private] (ServerService Thread Pool -- 61) WFLYCONF0001: Activating WildFly MicroProfile Config Subsystem
2020-04-12 20:36:34,329 INFO  [org.jboss.as.jaxrs] (ServerService Thread Pool -- 54) WFLYRS0016: RESTEasy version 3.11.0.Final
2020-04-12 20:36:34,337 INFO  [org.wildfly.extension.microprofile.jwt.smallrye._private] (ServerService Thread Pool -- 63) WFLYJWT0001: Activating WildFly MicroProfile JWT Subsystem
2020-04-12 20:36:34,341 INFO  [org.wildfly.extension.microprofile.opentracing] (ServerService Thread Pool -- 65) WFLYTRACEXT0001: Activating MicroProfile OpenTracing Subsystem
2020-04-12 20:36:34,346 INFO  [org.jboss.as.naming] (ServerService Thread Pool -- 66) WFLYNAM0001: Activating Naming Subsystem
2020-04-12 20:36:34,346 WARN  [org.jboss.as.txn] (ServerService Thread Pool -- 74) WFLYTX0013: The node-identifier attribute on the /subsystem=transactions is set to the default value. This is a danger for environments running multiple servers. Please make sure the attribute value is unique.
2020-04-12 20:36:34,353 INFO  [org.jboss.as.webservices] (ServerService Thread Pool -- 76) WFLYWS0002: Activating WebServices Extension
2020-04-12 20:36:34,354 INFO  [org.jboss.as.security] (ServerService Thread Pool -- 72) WFLYSEC0002: Activating Security Subsystem
2020-04-12 20:36:34,367 INFO  [org.wildfly.extension.microprofile.health.smallrye] (ServerService Thread Pool -- 62) WFLYHEALTH0001: Activating Eclipse MicroProfile Health Subsystem
2020-04-12 20:36:34,368 INFO  [org.wildfly.extension.undertow] (MSC service thread 1-7) WFLYUT0003: Undertow 2.0.30.Final starting
2020-04-12 20:36:34,375 INFO  [org.jboss.as.security] (MSC service thread 1-7) WFLYSEC0001: Current PicketBox version=5.0.3.Final
2020-04-12 20:36:34,394 INFO  [org.jboss.as.connector] (MSC service thread 1-3) WFLYJCA0009: Starting JCA Subsystem (WildFly/IronJacamar 1.4.20.Final)
2020-04-12 20:36:34,394 INFO  [org.jboss.as.connector.subsystems.datasources] (ServerService Thread Pool -- 44) WFLYJCA0004: Deploying JDBC-compliant driver class org.h2.Driver (version 1.4)
2020-04-12 20:36:34,396 INFO  [org.jboss.as.jsf] (ServerService Thread Pool -- 59) WFLYJSF0007: Activated the following JSF Implementations: [main]
2020-04-12 20:36:34,396 INFO  [org.wildfly.extension.microprofile.metrics.smallrye] (ServerService Thread Pool -- 64) WFLYMETRICS0001: Activating Eclipse MicroProfile Metrics Subsystem
2020-04-12 20:36:34,417 INFO  [org.jboss.as.connector.deployers.jdbc] (MSC service thread 1-6) WFLYJCA0018: Started Driver service with driver-name = h2
2020-04-12 20:36:34,464 INFO  [org.jboss.as.naming] (MSC service thread 1-1) WFLYNAM0003: Starting Naming Service
2020-04-12 20:36:34,483 INFO  [org.jboss.as.mail.extension] (MSC service thread 1-7) WFLYMAIL0001: Bound mail session [java:jboss/mail/Default]
2020-04-12 20:36:34,520 INFO  [org.wildfly.extension.undertow] (ServerService Thread Pool -- 75) WFLYUT0014: Creating file handler for path 'D:\School\Second Year Computer Programmer\Semester 4\Distributed Computing\FinalProjectStudent-master\target\wildfly-19.0.0.Final/welcome-content' with options [directory-listing: 'false', follow-symlink: 'false', case-sensitive: 'true', safe-symlink-paths: '[]']
2020-04-12 20:36:34,651 INFO  [org.wildfly.extension.io] (ServerService Thread Pool -- 53) WFLYIO001: Worker 'default' has auto-configured to 16 IO threads with 128 max task threads based on your 8 available processors
2020-04-12 20:36:34,684 INFO  [org.jboss.as.ejb3] (MSC service thread 1-8) WFLYEJB0482: Strict pool mdb-strict-max-pool is using a max instance size of 32 (per class), which is derived from the number of CPUs on this host.
2020-04-12 20:36:34,685 INFO  [org.jboss.as.ejb3] (MSC service thread 1-3) WFLYEJB0481: Strict pool slsb-strict-max-pool is using a max instance size of 128 (per class), which is derived from thread worker pool sizing.
2020-04-12 20:36:34,704 INFO  [org.wildfly.extension.undertow] (MSC service thread 1-4) WFLYUT0012: Started server default-server.
2020-04-12 20:36:34,706 INFO  [org.jboss.remoting] (MSC service thread 1-5) JBoss Remoting version 5.0.17.Final
2020-04-12 20:36:34,714 INFO  [org.wildfly.extension.undertow] (MSC service thread 1-1) WFLYUT0018: Host default-host starting
2020-04-12 20:36:34,960 INFO  [org.wildfly.extension.undertow] (MSC service thread 1-4) WFLYUT0006: Undertow HTTP listener default listening on 127.0.0.1:8080
2020-04-12 20:36:34,979 INFO  [org.jboss.as.ejb3] (MSC service thread 1-3) WFLYEJB0493: EJB subsystem suspension complete
2020-04-12 20:36:35,037 INFO  [org.jboss.as.connector.subsystems.datasources] (MSC service thread 1-8) WFLYJCA0001: Bound data source [java:jboss/datasources/ExampleDS]
2020-04-12 20:36:35,093 INFO  [org.jboss.as.patching] (MSC service thread 1-3) WFLYPAT0050: WildFly Full cumulative patch ID is: base, one-off patches include: none
2020-04-12 20:36:35,104 WARN  [org.jboss.as.domain.management.security] (MSC service thread 1-4) WFLYDM0111: Keystore D:\School\Second Year Computer Programmer\Semester 4\Distributed Computing\FinalProjectStudent-master\target\wildfly-19.0.0.Final\standalone\configuration\application.keystore not found, it will be auto generated on first use with a self signed certificate for host localhost
2020-04-12 20:36:35,109 INFO  [org.jboss.as.server.deployment.scanner] (MSC service thread 1-4) WFLYDS0013: Started FileSystemDeploymentService for directory D:\School\Second Year Computer Programmer\Semester 4\Distributed Computing\FinalProjectStudent-master\target\wildfly-19.0.0.Final\standalone\deployments
2020-04-12 20:36:35,119 INFO  [org.jboss.as.server.deployment] (MSC service thread 1-8) WFLYSRV0027: Starting deployment of "student-app.war" (runtime-name: "student-app.war")
2020-04-12 20:36:35,269 INFO  [org.wildfly.extension.undertow] (MSC service thread 1-8) WFLYUT0006: Undertow HTTPS listener https listening on 127.0.0.1:8443
2020-04-12 20:36:35,314 INFO  [org.jboss.ws.common.management] (MSC service thread 1-3) JBWS022052: Starting JBossWS 5.4.1.Final (Apache CXF 3.3.5) 
2020-04-12 20:36:37,654 WARN  [org.jboss.as.server.deployment] (MSC service thread 1-6) WFLYSRV0059: Class Path entry groovy-2.1.6.jar in /D:/School/Second Year Computer Programmer/Semester 4/Distributed Computing/FinalProjectStudent-master/content/student-app.war/WEB-INF/lib/aesh-extensions-1.6.jar  does not point to a valid jar for a Class-Path reference.
2020-04-12 20:36:37,655 WARN  [org.jboss.as.server.deployment] (MSC service thread 1-6) WFLYSRV0059: Class Path entry antlr-2.7.7.jar in /D:/School/Second Year Computer Programmer/Semester 4/Distributed Computing/FinalProjectStudent-master/content/student-app.war/WEB-INF/lib/aesh-extensions-1.6.jar  does not point to a valid jar for a Class-Path reference.
2020-04-12 20:36:37,656 WARN  [org.jboss.as.server.deployment] (MSC service thread 1-6) WFLYSRV0059: Class Path entry asm-tree-4.0.jar in /D:/School/Second Year Computer Programmer/Semester 4/Distributed Computing/FinalProjectStudent-master/content/student-app.war/WEB-INF/lib/aesh-extensions-1.6.jar  does not point to a valid jar for a Class-Path reference.
2020-04-12 20:36:37,657 WARN  [org.jboss.as.server.deployment] (MSC service thread 1-6) WFLYSRV0059: Class Path entry asm-commons-4.0.jar in /D:/School/Second Year Computer Programmer/Semester 4/Distributed Computing/FinalProjectStudent-master/content/student-app.war/WEB-INF/lib/aesh-extensions-1.6.jar  does not point to a valid jar for a Class-Path reference.
2020-04-12 20:36:37,658 WARN  [org.jboss.as.server.deployment] (MSC service thread 1-6) WFLYSRV0059: Class Path entry asm-4.0.jar in /D:/School/Second Year Computer Programmer/Semester 4/Distributed Computing/FinalProjectStudent-master/content/student-app.war/WEB-INF/lib/aesh-extensions-1.6.jar  does not point to a valid jar for a Class-Path reference.
2020-04-12 20:36:37,659 WARN  [org.jboss.as.server.deployment] (MSC service thread 1-6) WFLYSRV0059: Class Path entry asm-util-4.0.jar in /D:/School/Second Year Computer Programmer/Semester 4/Distributed Computing/FinalProjectStudent-master/content/student-app.war/WEB-INF/lib/aesh-extensions-1.6.jar  does not point to a valid jar for a Class-Path reference.
2020-04-12 20:36:37,659 WARN  [org.jboss.as.server.deployment] (MSC service thread 1-6) WFLYSRV0059: Class Path entry asm-analysis-4.0.jar in /D:/School/Second Year Computer Programmer/Semester 4/Distributed Computing/FinalProjectStudent-master/content/student-app.war/WEB-INF/lib/aesh-extensions-1.6.jar  does not point to a valid jar for a Class-Path reference.
2020-04-12 20:36:37,660 WARN  [org.jboss.as.server.deployment] (MSC service thread 1-6) WFLYSRV0059: Class Path entry aesh-terminal-api-1.10.jar in /D:/School/Second Year Computer Programmer/Semester 4/Distributed Computing/FinalProjectStudent-master/content/student-app.war/WEB-INF/lib/aesh-readline-1.10.jar  does not point to a valid jar for a Class-Path reference.
2020-04-12 20:36:38,064 INFO  [org.jboss.as.jpa] (MSC service thread 1-4) WFLYJPA0002: Read persistence.xml for studentPersistenceUnit
2020-04-12 20:36:38,231 INFO  [org.jboss.as.jpa] (ServerService Thread Pool -- 78) WFLYJPA0003: Starting Persistence Unit Service 'student-app.war#studentPersistenceUnit'
2020-04-12 20:36:38,579 INFO  [org.jboss.weld.deployer] (MSC service thread 1-4) WFLYWELD0003: Processing weld deployment student-app.war
2020-04-12 20:36:38,678 INFO  [org.hibernate.validator.internal.util.Version] (MSC service thread 1-4) HV000001: Hibernate Validator 6.0.18.Final
2020-04-12 20:36:38,787 INFO  [org.jboss.as.ejb3.deployment] (MSC service thread 1-4) WFLYEJB0473: JNDI bindings for session bean named 'StudentService' in deployment unit 'deployment "student-app.war"' are as follows:

	java:global/student-app/StudentService!service.StudentService
	java:app/student-app/StudentService!service.StudentService
	java:module/StudentService!service.StudentService
	ejb:/student-app/StudentService!service.StudentService
	java:global/student-app/StudentService
	java:app/student-app/StudentService
	java:module/StudentService

2020-04-12 20:36:38,938 INFO  [io.jaegertracing.internal.JaegerTracer] (MSC service thread 1-4) No shutdown hook registered: Please call close() manually on application shutdown.
2020-04-12 20:36:38,974 INFO  [org.infinispan.factories.GlobalComponentRegistry] (MSC service thread 1-1) ISPN000128: Infinispan version: Infinispan 'Infinity Minus ONE +2' 9.4.18.Final
2020-04-12 20:36:39,388 INFO  [org.jboss.as.connector.deployers.jdbc] (MSC service thread 1-2) WFLYJCA0004: Deploying JDBC-compliant driver class org.h2.Driver (version 1.4)
2020-04-12 20:36:39,414 INFO  [org.jboss.weld.Version] (MSC service thread 1-2) WELD-000900: 3.1.3 (Final)
2020-04-12 20:36:39,477 INFO  [org.jboss.as.clustering.infinispan] (ServerService Thread Pool -- 78) WFLYCLINF0002: Started client-mappings cache from ejb container
2020-04-12 20:36:39,486 INFO  [org.jboss.as.connector.deployers.jdbc] (MSC service thread 1-4) WFLYJCA0018: Started Driver service with driver-name = student-app.war_org.h2.Driver_1_4
2020-04-12 20:36:39,765 WARN  [org.jboss.weld.Bootstrap] (MSC service thread 1-1) WELD-000146: BeforeBeanDiscovery.addAnnotatedType(AnnotatedType<?>) used for class com.sun.faces.flow.FlowDiscoveryCDIHelper is deprecated from CDI 1.1!
2020-04-12 20:36:39,769 INFO  [io.smallrye.metrics] (MSC service thread 1-1) MicroProfile: Metrics activated (SmallRye Metrics version: 2.4.0)
2020-04-12 20:36:40,340 INFO  [javax.enterprise.resource.webcontainer.jsf.config] (ServerService Thread Pool -- 78) Initializing Mojarra 2.3.9.SP06 for context '/student-app'
2020-04-12 20:36:42,378 INFO  [org.primefaces.webapp.PostConstructApplicationEventListener] (ServerService Thread Pool -- 78) Running on PrimeFaces 8.0
2020-04-12 20:36:42,400 INFO  [org.wildfly.extension.undertow] (ServerService Thread Pool -- 78) WFLYUT0021: Registered web context: '/student-app' for server 'default-server'
2020-04-12 20:36:42,475 INFO  [org.jboss.as.server] (Controller Boot Thread) WFLYSRV0010: Deployed "student-app.war" (runtime-name : "student-app.war")
2020-04-12 20:36:42,676 INFO  [org.jboss.as.server] (Controller Boot Thread) WFLYSRV0212: Resuming server
2020-04-12 20:36:42,680 INFO  [org.jboss.as] (Controller Boot Thread) WFLYSRV0060: Http management interface listening on http://127.0.0.1:9990/management
2020-04-12 20:36:42,709 INFO  [org.jboss.as] (Controller Boot Thread) WFLYSRV0051: Admin console listening on http://127.0.0.1:9990
2020-04-12 20:36:42,712 INFO  [org.jboss.as] (Controller Boot Thread) WFLYSRV0025: WildFly Full 19.0.0.Final (WildFly Core 11.0.0.Final) started in 10322ms - Started 493 of 720 services (379 services are lazy, passive or on-demand)
2020-04-12 20:36:43,415 INFO  [org.jboss.as.repository] (management-handler-thread - 1) WFLYDR0001: Content added at location D:\School\Second Year Computer Programmer\Semester 4\Distributed Computing\FinalProjectStudent-master\target\wildfly-19.0.0.Final\standalone\data\content\f3\69722f537153aa643210a9a597b10c1a8f800b\content
2020-04-12 20:36:43,430 INFO  [org.jboss.as.connector.deployers.jdbc] (MSC service thread 1-4) WFLYJCA0019: Stopped Driver service with driver-name = student-app.war_org.h2.Driver_1_4
2020-04-12 20:36:43,437 INFO  [org.wildfly.extension.undertow] (ServerService Thread Pool -- 6) WFLYUT0022: Unregistered web context: '/student-app' from server 'default-server'
2020-04-12 20:36:43,545 INFO  [org.jboss.as.jpa] (ServerService Thread Pool -- 14) WFLYJPA0004: Stopping Persistence Unit Service 'student-app.war#studentPersistenceUnit'
2020-04-12 20:36:44,035 INFO  [org.jboss.as.server.deployment] (MSC service thread 1-1) WFLYSRV0028: Stopped deployment student-app.war (runtime-name: student-app.war) in 612ms
2020-04-12 20:36:44,039 INFO  [org.jboss.as.server.deployment] (MSC service thread 1-2) WFLYSRV0027: Starting deployment of "student-app.war" (runtime-name: "student-app.war")
2020-04-12 20:36:45,986 WARN  [org.jboss.as.server.deployment] (MSC service thread 1-1) WFLYSRV0059: Class Path entry groovy-2.1.6.jar in /D:/School/Second Year Computer Programmer/Semester 4/Distributed Computing/FinalProjectStudent-master/content/student-app.war/WEB-INF/lib/aesh-extensions-1.6.jar  does not point to a valid jar for a Class-Path reference.
2020-04-12 20:36:45,987 WARN  [org.jboss.as.server.deployment] (MSC service thread 1-1) WFLYSRV0059: Class Path entry antlr-2.7.7.jar in /D:/School/Second Year Computer Programmer/Semester 4/Distributed Computing/FinalProjectStudent-master/content/student-app.war/WEB-INF/lib/aesh-extensions-1.6.jar  does not point to a valid jar for a Class-Path reference.
2020-04-12 20:36:45,987 WARN  [org.jboss.as.server.deployment] (MSC service thread 1-1) WFLYSRV0059: Class Path entry asm-tree-4.0.jar in /D:/School/Second Year Computer Programmer/Semester 4/Distributed Computing/FinalProjectStudent-master/content/student-app.war/WEB-INF/lib/aesh-extensions-1.6.jar  does not point to a valid jar for a Class-Path reference.
2020-04-12 20:36:45,987 WARN  [org.jboss.as.server.deployment] (MSC service thread 1-1) WFLYSRV0059: Class Path entry asm-commons-4.0.jar in /D:/School/Second Year Computer Programmer/Semester 4/Distributed Computing/FinalProjectStudent-master/content/student-app.war/WEB-INF/lib/aesh-extensions-1.6.jar  does not point to a valid jar for a Class-Path reference.
2020-04-12 20:36:45,987 WARN  [org.jboss.as.server.deployment] (MSC service thread 1-1) WFLYSRV0059: Class Path entry asm-4.0.jar in /D:/School/Second Year Computer Programmer/Semester 4/Distributed Computing/FinalProjectStudent-master/content/student-app.war/WEB-INF/lib/aesh-extensions-1.6.jar  does not point to a valid jar for a Class-Path reference.
2020-04-12 20:36:45,988 WARN  [org.jboss.as.server.deployment] (MSC service thread 1-1) WFLYSRV0059: Class Path entry asm-util-4.0.jar in /D:/School/Second Year Computer Programmer/Semester 4/Distributed Computing/FinalProjectStudent-master/content/student-app.war/WEB-INF/lib/aesh-extensions-1.6.jar  does not point to a valid jar for a Class-Path reference.
2020-04-12 20:36:45,988 WARN  [org.jboss.as.server.deployment] (MSC service thread 1-1) WFLYSRV0059: Class Path entry asm-analysis-4.0.jar in /D:/School/Second Year Computer Programmer/Semester 4/Distributed Computing/FinalProjectStudent-master/content/student-app.war/WEB-INF/lib/aesh-extensions-1.6.jar  does not point to a valid jar for a Class-Path reference.
2020-04-12 20:36:45,988 WARN  [org.jboss.as.server.deployment] (MSC service thread 1-1) WFLYSRV0059: Class Path entry aesh-terminal-api-1.10.jar in /D:/School/Second Year Computer Programmer/Semester 4/Distributed Computing/FinalProjectStudent-master/content/student-app.war/WEB-INF/lib/aesh-readline-1.10.jar  does not point to a valid jar for a Class-Path reference.
2020-04-12 20:36:46,077 INFO  [org.jboss.as.jpa] (MSC service thread 1-2) WFLYJPA0002: Read persistence.xml for studentPersistenceUnit
2020-04-12 20:36:46,171 INFO  [org.jboss.as.jpa] (ServerService Thread Pool -- 14) WFLYJPA0003: Starting Persistence Unit Service 'student-app.war#studentPersistenceUnit'
2020-04-12 20:36:46,473 INFO  [org.jboss.weld.deployer] (MSC service thread 1-3) WFLYWELD0003: Processing weld deployment student-app.war
2020-04-12 20:36:46,527 INFO  [org.jboss.as.ejb3.deployment] (MSC service thread 1-3) WFLYEJB0473: JNDI bindings for session bean named 'StudentService' in deployment unit 'deployment "student-app.war"' are as follows:

	java:global/student-app/StudentService!service.StudentService
	java:app/student-app/StudentService!service.StudentService
	java:module/StudentService!service.StudentService
	ejb:/student-app/StudentService!service.StudentService
	java:global/student-app/StudentService
	java:app/student-app/StudentService
	java:module/StudentService

2020-04-12 20:36:46,623 INFO  [io.jaegertracing.internal.JaegerTracer] (MSC service thread 1-3) No shutdown hook registered: Please call close() manually on application shutdown.
2020-04-12 20:36:46,852 INFO  [org.jboss.as.connector.deployers.jdbc] (MSC service thread 1-4) WFLYJCA0004: Deploying JDBC-compliant driver class org.h2.Driver (version 1.4)
2020-04-12 20:36:46,875 INFO  [org.jboss.as.connector.deployers.jdbc] (MSC service thread 1-2) WFLYJCA0018: Started Driver service with driver-name = student-app.war_org.h2.Driver_1_4
2020-04-12 20:36:46,949 WARN  [org.jboss.weld.Bootstrap] (MSC service thread 1-1) WELD-000146: BeforeBeanDiscovery.addAnnotatedType(AnnotatedType<?>) used for class com.sun.faces.flow.FlowDiscoveryCDIHelper is deprecated from CDI 1.1!
2020-04-12 20:36:46,950 INFO  [io.smallrye.metrics] (MSC service thread 1-1) MicroProfile: Metrics activated (SmallRye Metrics version: 2.4.0)
2020-04-12 20:36:47,131 INFO  [javax.enterprise.resource.webcontainer.jsf.config] (ServerService Thread Pool -- 14) Initializing Mojarra 2.3.9.SP06 for context '/student-app'
2020-04-12 20:36:48,338 INFO  [org.primefaces.webapp.PostConstructApplicationEventListener] (ServerService Thread Pool -- 14) Running on PrimeFaces 8.0
2020-04-12 20:36:48,339 INFO  [org.wildfly.extension.undertow] (ServerService Thread Pool -- 14) WFLYUT0021: Registered web context: '/student-app' for server 'default-server'
2020-04-12 20:36:48,385 INFO  [org.jboss.as.server] (management-handler-thread - 1) WFLYSRV0016: Replaced deployment "student-app.war" with deployment "student-app.war"
2020-04-12 20:36:48,388 INFO  [org.jboss.as.repository] (management-handler-thread - 1) WFLYDR0002: Content removed from location D:\School\Second Year Computer Programmer\Semester 4\Distributed Computing\FinalProjectStudent-master\target\wildfly-19.0.0.Final\standalone\data\content\c0\e7a6a644a5e071dd6a12455f7cc26e941f97b9\content
2020-04-12 20:38:25,284 INFO  [stdout] (default task-2) [EL Info]: 2020-04-12 20:38:25.281--ServerSession(1406990212)--EclipseLink, version: Eclipse Persistence Services - 2.7.2.v20180622-f627448
2020-04-12 20:38:25,523 INFO  [stdout] (default task-2) [EL Info]: connection: 2020-04-12 20:38:25.523--ServerSession(1406990212)--/vfs:/D:/School/Second Year Computer Programmer/Semester 4/Distributed Computing/FinalProjectStudent-master/content/student-app.war/WEB-INF/classes/_studentPersistenceUnit login successful
2020-04-12 20:41:11,404 INFO  [org.jboss.as.server] (Thread-2) WFLYSRV0272: Suspending server
2020-04-12 20:41:11,405 INFO  [org.jboss.as.ejb3] (Thread-2) WFLYEJB0493: EJB subsystem suspension complete
2020-04-12 20:41:11,406 INFO  [org.jboss.as.server] (Thread-2) WFLYSRV0220: Server shutdown has been requested via an OS signal
2020-04-12 20:41:11,407 INFO  [org.jboss.as.connector.deployers.jdbc] (MSC service thread 1-4) WFLYJCA0019: Stopped Driver service with driver-name = student-app.war_org.h2.Driver_1_4
2020-04-12 20:41:11,411 INFO  [org.jboss.as.mail.extension] (MSC service thread 1-5) WFLYMAIL0002: Unbound mail session [java:jboss/mail/Default]
2020-04-12 20:41:11,414 INFO  [org.wildfly.extension.undertow] (ServerService Thread Pool -- 92) WFLYUT0022: Unregistered web context: '/student-app' from server 'default-server'
2020-04-12 20:41:11,437 INFO  [org.wildfly.extension.undertow] (MSC service thread 1-4) WFLYUT0019: Host default-host stopping
2020-04-12 20:41:11,452 INFO  [org.jboss.as.jpa] (ServerService Thread Pool -- 97) WFLYJPA0004: Stopping Persistence Unit Service 'student-app.war#studentPersistenceUnit'
2020-04-12 20:41:11,454 INFO  [org.jboss.as.clustering.infinispan] (ServerService Thread Pool -- 94) WFLYCLINF0003: Stopped client-mappings cache from ejb container
2020-04-12 20:41:11,456 INFO  [stdout] (ServerService Thread Pool -- 97) [EL Info]: connection: 2020-04-12 20:41:11.455--ServerSession(1406990212)--/vfs:/D:/School/Second Year Computer Programmer/Semester 4/Distributed Computing/FinalProjectStudent-master/content/student-app.war/WEB-INF/classes/_studentPersistenceUnit logout successful
2020-04-12 20:41:11,459 INFO  [org.jboss.as.connector.subsystems.datasources] (MSC service thread 1-8) WFLYJCA0010: Unbound data source [java:jboss/datasources/ExampleDS]
2020-04-12 20:41:11,462 INFO  [org.wildfly.extension.undertow] (MSC service thread 1-1) WFLYUT0008: Undertow HTTP listener default suspending
2020-04-12 20:41:11,463 INFO  [org.wildfly.extension.undertow] (MSC service thread 1-3) WFLYUT0008: Undertow HTTPS listener https suspending
2020-04-12 20:41:11,463 INFO  [org.wildfly.extension.undertow] (MSC service thread 1-1) WFLYUT0007: Undertow HTTP listener default stopped, was bound to 127.0.0.1:8080
2020-04-12 20:41:11,464 INFO  [org.wildfly.extension.undertow] (MSC service thread 1-3) WFLYUT0007: Undertow HTTPS listener https stopped, was bound to 127.0.0.1:8443
2020-04-12 20:41:11,466 INFO  [org.jboss.as.connector.deployers.jdbc] (MSC service thread 1-4) WFLYJCA0019: Stopped Driver service with driver-name = h2
2020-04-12 20:41:11,468 INFO  [org.wildfly.extension.undertow] (MSC service thread 1-8) WFLYUT0004: Undertow 2.0.30.Final stopping
2020-04-12 20:41:11,564 INFO  [org.jboss.as.server.deployment] (MSC service thread 1-7) WFLYSRV0028: Stopped deployment student-app.war (runtime-name: student-app.war) in 155ms
2020-04-12 20:41:11,567 INFO  [org.jboss.as] (MSC service thread 1-1) WFLYSRV0050: WildFly Full 19.0.0.Final (WildFly Core 11.0.0.Final) stopped in 159ms
